J:\PROJECTS\CPP\NAPI_CPP\NAPI_CPP\X64\DEBUG\MAIN.OBJ
J:\PROJECTS\CPP\NAPI_CPP\NAPI_CPP\X64\DEBUG\VC110.PDB
J:\PROJECTS\CPP\NAPI_CPP\X64\DEBUG\NAPI_CPP.ILK
J:\PROJECTS\CPP\NAPI_CPP\X64\DEBUG\NAPI_CPP.EXE
J:\PROJECTS\CPP\NAPI_CPP\X64\DEBUG\NAPI_CPP.PDB
J:\Projects\Cpp\Napi_Cpp\Napi_Cpp\x64\Debug\cl.command.1.tlog
J:\Projects\Cpp\Napi_Cpp\Napi_Cpp\x64\Debug\CL.read.1.tlog
J:\Projects\Cpp\Napi_Cpp\Napi_Cpp\x64\Debug\CL.write.1.tlog
J:\Projects\Cpp\Napi_Cpp\Napi_Cpp\x64\Debug\link-cvtres.read.1.tlog
J:\Projects\Cpp\Napi_Cpp\Napi_Cpp\x64\Debug\link-cvtres.write.1.tlog
J:\Projects\Cpp\Napi_Cpp\Napi_Cpp\x64\Debug\link-rc.read.1.tlog
J:\Projects\Cpp\Napi_Cpp\Napi_Cpp\x64\Debug\link-rc.write.1.tlog
J:\Projects\Cpp\Napi_Cpp\Napi_Cpp\x64\Debug\link.6548-cvtres.read.1.tlog
J:\Projects\Cpp\Napi_Cpp\Napi_Cpp\x64\Debug\link.6548-cvtres.write.1.tlog
J:\Projects\Cpp\Napi_Cpp\Napi_Cpp\x64\Debug\link.6548-rc.read.1.tlog
J:\Projects\Cpp\Napi_Cpp\Napi_Cpp\x64\Debug\link.6548-rc.write.1.tlog
J:\Projects\Cpp\Napi_Cpp\Napi_Cpp\x64\Debug\link.6548.read.1.tlog
J:\Projects\Cpp\Napi_Cpp\Napi_Cpp\x64\Debug\link.6548.write.1.tlog
J:\Projects\Cpp\Napi_Cpp\Napi_Cpp\x64\Debug\link.command.1.tlog
J:\Projects\Cpp\Napi_Cpp\Napi_Cpp\x64\Debug\link.read.1.tlog
J:\Projects\Cpp\Napi_Cpp\Napi_Cpp\x64\Debug\link.write.1.tlog
J:\Projects\Cpp\Napi_Cpp\Napi_Cpp\x64\Debug\vc110.idb
J:\Projects\Cpp\Napi_Cpp\Napi_Cpp\x64\Debug\vc110.pdb
J:\Projects\Cpp\Napi_Cpp\x64\Debug\Napi_Cpp.pdb
J:\Projects\Cpp\Napi_Cpp\x64\Debug\Napi_Cpp.exe
J:\Projects\Cpp\Napi_Cpp\x64\Debug\Napi_Cpp.ilk
