Построение начато 15.01.2018 20:18:08.
     1>Проект "J:\Projects\Cpp\Napi_Cpp\Napi_Cpp\Napi_Cpp.vcxproj" в узле 2 (целевые объекты Build).
     1>ClCompile:
         C:\Program Files (x86)\Microsoft Visual Studio 11.0\VC\bin\x86_amd64\CL.exe /c /IJ:\Projects\opencv\build\include\opencv2 /IJ:\Projects\opencv\build\include\opencv /IJ:\Projects\opencv\build\include /IJ:\Projects\opencv\build\x64\vc14\..\..\include /Zi /nologo /W3 /WX- /O2 /Oi /GL /D _MBCS /Gm- /EHsc /MDd /GS /Gy /fp:precise /Zc:wchar_t /Zc:forScope /Fo"x64\Release\\" /Fd"x64\Release\vc110.pdb" /Gd /TP /errorReport:prompt main.cpp
         main.cpp
     1>main.cpp(177): warning C4244: +=: преобразование "double" в "int", возможна потеря данных
     1>main.cpp(905): warning C4244: инициализация: преобразование "double" в "int", возможна потеря данных
     1>main.cpp(909): warning C4244: =: преобразование "double" в "int", возможна потеря данных
     1>main.cpp(913): warning C4244: =: преобразование "double" в "int", возможна потеря данных
     1>main.cpp(922): warning C4267: аргумент: преобразование из "size_t" в "int"; возможна потеря данных
     1>main.cpp(944): warning C4244: инициализация: преобразование "double" в "int", возможна потеря данных
     1>main.cpp(949): warning C4267: аргумент: преобразование из "size_t" в "int"; возможна потеря данных
     1>main.cpp(1028): warning C4800: int: принудительно задано логическое значение "true" или "false" (предупреждение о производительности)
     1>main.cpp(1032): warning C4800: int: принудительно задано логическое значение "true" или "false" (предупреждение о производительности)
       Link:
         C:\Program Files (x86)\Microsoft Visual Studio 11.0\VC\bin\x86_amd64\link.exe /ERRORREPORT:PROMPT /OUT:"J:\Projects\Cpp\Napi_Cpp\x64\Release\Napi_Cpp.exe" /NOLOGO /LIBPATH:J:\Projects\opencv\build\x64\vc14\lib /LIBPATH:J:\Projects\opencv\build\x64\vc14\lib kernel32.lib user32.lib gdi32.lib winspool.lib comdlg32.lib advapi32.lib shell32.lib ole32.lib oleaut32.lib uuid.lib odbc32.lib odbccp32.lib kernel32.lib user32.lib gdi32.lib winspool.lib comdlg32.lib advapi32.lib shell32.lib ole32.lib oleaut32.lib uuid.lib odbc32.lib odbccp32.lib opencv_world340.lib opencv_world340d.lib /MANIFEST /MANIFESTUAC:"level='asInvoker' uiAccess='false'" /manifest:embed /DEBUG /PDB:"J:\Projects\Cpp\Napi_Cpp\x64\Release\Napi_Cpp.pdb" /OPT:REF /OPT:ICF /LTCG /TLBID:1 /DYNAMICBASE /NXCOMPAT /IMPLIB:"J:\Projects\Cpp\Napi_Cpp\x64\Release\Napi_Cpp.lib" /MACHINE:X64 x64\Release\main.obj
         Создание кода
         Создание кода завершено
         Napi_Cpp.vcxproj -> J:\Projects\Cpp\Napi_Cpp\x64\Release\Napi_Cpp.exe
     1>Построение проекта "J:\Projects\Cpp\Napi_Cpp\Napi_Cpp\Napi_Cpp.vcxproj" завершено (целевые объекты Build).

Построение успешно завершено.

Затраченное время: 00:00:04.81
